Arguments: 
  /Users/chlbri/.nvm/versions/node/v16.16.0/bin/node /Users/chlbri/.nvm/versions/node/v16.16.0/bin/yarn

PATH: 
  /Users/chlbri/.bun/bin:/Users/chlbri/Library/pnpm:/Users/chlbri/.nvm/versions/node/v16.16.0/bin:/opt/homebrew/bin:/opt/homebrew/sbin:/usr/local/bin:/usr/bin:/bin:/usr/sbin:/sbin:/Library/Apple/usr/bin:/Users/chlbri/Library/Android/sdk/platform-tools:/Users/chlbri/Library/Android/sdk/build-tools:/Users/chlbri/Library/pnpm:/opt/homebrew/bin:/opt/homebrew/sbin:/Users/chlbri/.cargo/bin

Yarn version: 
  1.22.19

Node version: 
  16.16.0

Platform: 
  darwin arm64

Trace: 
  Error: ENOENT: no such file or directory, copyfile '/Users/chlbri/Library/Caches/Yarn/v6/npm-ms-2.1.2-d09d1f357b443f493382a8eb3ccd183872ae6009-integrity/node_modules/ms/index.js' -> '/Users/chlbri/Documents/github/NODE JS/PROTOFOLIO/beme-medic-1/node_modules/@babel/core/node_modules/ms/index.js'

npm manifest: 
  {
    "name": "beme-medic-1",
    "version": "1.0.0",
    "main": "node_modules/expo/AppEntry.js",
    "scripts": {
      "start": "expo start",
      "android": "expo start --android",
      "ios": "expo start --ios",
      "web": "expo start --web"
    },
    "dependencies": {
      "expo": "~46.0.9",
      "expo-status-bar": "~1.4.0",
      "react": "18.0.0",
      "react-dom": "18.0.0",
      "react-native": "0.69.5",
      "react-native-web": "~0.18.7"
    },
    "devDependencies": {
      "@babel/core": "^7.12.9",
      "@babel/preset-env": "^7.19.1",
      "@types/react": "~18.0.14",
      "@types/react-native": "~0.69.1",
      "typescript": "~4.3.5"
    },
    "private": true
  }

yarn manifest: 
  No manifest

Lockfile: 
  No lockfile
